Removed Pin From Net: NetName=GND Pin=Q1-2
Removed Pin From Net: NetName=VCC Pin=Q3-2
Removed Pin From Net: NetName=NetQ1_3 Pin=Q4-1
Removed Pin From Net: NetName=VCC Pin=Q4-2
Removed Pin From Net: NetName=NetLED1_1 Pin=Q4-3
Removed Pin From Net: NetName=GND Pin=R2-2
Removed Pin From Net: NetName=GND Pin=R2-3
Removed Pin From Net: NetName=VO Pin=R3-1
Removed Pin From Net: NetName=VO Pin=R3-2
Removed Pin From Net: NetName=NetD1_1 Pin=R3-3
Removed Member From Class: ClassName=LiFi_transmitter Member=Q3
Removed Member From Class: ClassName=LiFi_transmitter Member=Q4
Removed Member From Class: ClassName=LiFi_transmitter Member=Vi
Change Component Footprint: Designator=R3 Old Footprint=TC33 New Footprint=AXIAL-0.3
Change Component Comment : Designator=R3 Old Comment=TRIMPOT New Comment=Res1
Change component parameters: Designator = "GND"; Footprint = "PIN1"; UniqueID = "\UOFRHNDB"
Change component parameters. Clean all parameters for all variants
Change component parameters (AddParameter): Name = "LatestRevisionDate"; Value = "17-Jul-2002"; VariantName = "[No Variations]"
Change component parameters (AddParameter): Name = "LatestRevisionNote"; Value = "Re-released for DXP Platform."; VariantName = "[No Variations]"
Change component parameters (AddParameter): Name = "Publisher"; Value = "Altium Limited"; VariantName = "[No Variations]"
Change component parameters: Designator = "VCC"; Footprint = "PIN1"; UniqueID = "\QKVENGEN"
Change component parameters. Clean all parameters for all variants
Change component parameters (AddParameter): Name = "LatestRevisionDate"; Value = "17-Jul-2002"; VariantName = "[No Variations]"
Change component parameters (AddParameter): Name = "LatestRevisionNote"; Value = "Re-released for DXP Platform."; VariantName = "[No Variations]"
Change component parameters (AddParameter): Name = "Publisher"; Value = "Altium Limited"; VariantName = "[No Variations]"
Change component parameters: Designator = "Vo"; Footprint = "PIN1"; UniqueID = "\GOYBYULD"
Change component parameters. Clean all parameters for all variants
Change component parameters (AddParameter): Name = "LatestRevisionDate"; Value = "17-Jul-2002"; VariantName = "[No Variations]"
Change component parameters (AddParameter): Name = "LatestRevisionNote"; Value = "Re-released for DXP Platform."; VariantName = "[No Variations]"
Change component parameters (AddParameter): Name = "Publisher"; Value = "Altium Limited"; VariantName = "[No Variations]"
Change component parameters: Designator = "R1"; Footprint = "6-0805_N"; UniqueID = "\YTBSCONB"
Change component parameters. Clean all parameters for all variants
Change component parameters (AddParameter): Name = "LatestRevisionDate"; Value = "17-Jul-2002"; VariantName = "[No Variations]"
Change component parameters (AddParameter): Name = "LatestRevisionNote"; Value = "Re-released for DXP Platform."; VariantName = "[No Variations]"
Change component parameters (AddParameter): Name = "PackageDescription"; Value = "Axial Device, Thru-Hole; 2 Leads; 0.3 in Pin Spacing"; VariantName = "[No Variations]"
Change component parameters (AddParameter): Name = "PackageReference"; Value = "AXIAL-0.3"; VariantName = "[No Variations]"
Change component parameters (AddParameter): Name = "Published"; Value = "8-Jun-2000"; VariantName = "[No Variations]"
Change component parameters (AddParameter): Name = "Publisher"; Value = "Altium Limited"; VariantName = "[No Variations]"
Change component parameters (AddParameter): Name = "Value"; Value = "10K"; VariantName = "[No Variations]"
Change component parameters: Designator = "R3"; Footprint = "AXIAL-0.3"; UniqueID = "\WWFCGQEJ"
Change component parameters. Clean all parameters for all variants
Change component parameters (AddParameter): Name = "LatestRevisionDate"; Value = "17-Jul-2002"; VariantName = "[No Variations]"
Change component parameters (AddParameter): Name = "LatestRevisionNote"; Value = "Re-released for DXP Platform."; VariantName = "[No Variations]"
Change component parameters (AddParameter): Name = "PackageDescription"; Value = "Axial Device, Thru-Hole; 2 Leads; 0.3 in Pin Spacing"; VariantName = "[No Variations]"
Change component parameters (AddParameter): Name = "PackageReference"; Value = "AXIAL-0.3"; VariantName = "[No Variations]"
Change component parameters (AddParameter): Name = "Published"; Value = "8-Jun-2000"; VariantName = "[No Variations]"
Change component parameters (AddParameter): Name = "Publisher"; Value = "Altium Limited"; VariantName = "[No Variations]"
Change component parameters (AddParameter): Name = "Value"; Value = "1M"; VariantName = "[No Variations]"
Added Component: Designator=R4(PVG3G)
Add component. Clean all parameters for all variants
Added Component: Designator=VEE(PIN1)
Add component. Clean all parameters for all variants
Add component (AddParameter): Name = "LatestRevisionDate"; Value = "17-Jul-2002"; VariantName = "[No Variations]"
Add component (AddParameter): Name = "LatestRevisionNote"; Value = "Re-released for DXP Platform."; VariantName = "[No Variations]"
Add component (AddParameter): Name = "Publisher"; Value = "Altium Limited"; VariantName = "[No Variations]"
Added Pin To Net: NetName=VCC Pin=R1-2
Added Pin To Net: NetName=NetD1_1 Pin=R3-1
Added Pin To Net: NetName=VO Pin=R4-1
Added Pin To Net: NetName=VO Pin=R4-2
Added Pin To Net: NetName=NetR3_2 Pin=R3-2
Added Pin To Net: NetName=NetR3_2 Pin=R4-3
Added Net: Name=NetR3_2
Added Pin To Net: NetName=VEE Pin=Q1-2
Added Pin To Net: NetName=VEE Pin=R2-2
Added Pin To Net: NetName=VEE Pin=R2-3
Added Pin To Net: NetName=VEE Pin=VEE-1
Added Net: Name=VEE
Added Member To Class: ClassName=LiFi_transmitter Member=Component R4 TRIMPOT
Added Member To Class: ClassName=LiFi_transmitter Member=Component VEE Socket
